ls: cannot access /gpfs/home/chh20csu/scratch/ARC_NARC/ARC4/ARC4*_1.fq.gz: No such file or directory
mkdir: cannot create directory ‘/gpfs/home/chh20csu/scratch/ARC_NARC/ARC4/concat_raw/’: No such file or directory
./2.transcriptomes/2.1.pre_processing/2.1.2.trimming.sh: line 100: /gpfs/home/chh20csu/scratch/ARC_NARC/ARC4/concat_raw/ARC4_concat_1.fq.gz: No such file or directory
./2.transcriptomes/2.1.pre_processing/2.1.2.trimming.sh: line 101: /gpfs/home/chh20csu/scratch/ARC_NARC/ARC4/concat_raw/ARC4_concat_2.fq.gz: No such file or directory
Run "cutadapt --help" to see command-line options.
See https://cutadapt.readthedocs.io/ for full documentation.

cutadapt: error: [Errno 2] No such file or directory: '/gpfs/home/chh20csu/scratch/ARC_NARC/ARC4/concat_raw/ARC4_concat_1.fq.gz'
ls: cannot access /gpfs/home/chh20csu/scratch/ARC_NARC/ARC5/ARC5*_1.fq.gz: No such file or directory
mkdir: cannot create directory ‘/gpfs/home/chh20csu/scratch/ARC_NARC/ARC5/concat_raw/’: No such file or directory
./2.transcriptomes/2.1.pre_processing/2.1.2.trimming.sh: line 100: /gpfs/home/chh20csu/scratch/ARC_NARC/ARC5/concat_raw/ARC5_concat_1.fq.gz: No such file or directory
./2.transcriptomes/2.1.pre_processing/2.1.2.trimming.sh: line 101: /gpfs/home/chh20csu/scratch/ARC_NARC/ARC5/concat_raw/ARC5_concat_2.fq.gz: No such file or directory
Run "cutadapt --help" to see command-line options.
See https://cutadapt.readthedocs.io/ for full documentation.

cutadapt: error: [Errno 2] No such file or directory: '/gpfs/home/chh20csu/scratch/ARC_NARC/ARC5/concat_raw/ARC5_concat_1.fq.gz'
ls: cannot access /gpfs/home/chh20csu/scratch/ARC_NARC/NARC3/NARC3*_1.fq.gz: No such file or directory
mkdir: cannot create directory ‘/gpfs/home/chh20csu/scratch/ARC_NARC/NARC3/concat_raw/’: No such file or directory
./2.transcriptomes/2.1.pre_processing/2.1.2.trimming.sh: line 100: /gpfs/home/chh20csu/scratch/ARC_NARC/NARC3/concat_raw/NARC3_concat_1.fq.gz: No such file or directory
./2.transcriptomes/2.1.pre_processing/2.1.2.trimming.sh: line 101: /gpfs/home/chh20csu/scratch/ARC_NARC/NARC3/concat_raw/NARC3_concat_2.fq.gz: No such file or directory
Run "cutadapt --help" to see command-line options.
See https://cutadapt.readthedocs.io/ for full documentation.

cutadapt: error: [Errno 2] No such file or directory: '/gpfs/home/chh20csu/scratch/ARC_NARC/NARC3/concat_raw/NARC3_concat_1.fq.gz'
ls: cannot access /gpfs/home/chh20csu/scratch/ARC_NARC/ARC2/ARC2*_1.fq.gz: No such file or directory
mkdir: cannot create directory ‘/gpfs/home/chh20csu/scratch/ARC_NARC/ARC2/concat_raw/’: No such file or directory
./2.transcriptomes/2.1.pre_processing/2.1.2.trimming.sh: line 100: /gpfs/home/chh20csu/scratch/ARC_NARC/ARC2/concat_raw/ARC2_concat_1.fq.gz: No such file or directory
./2.transcriptomes/2.1.pre_processing/2.1.2.trimming.sh: line 101: /gpfs/home/chh20csu/scratch/ARC_NARC/ARC2/concat_raw/ARC2_concat_2.fq.gz: No such file or directory
Run "cutadapt --help" to see command-line options.
See https://cutadapt.readthedocs.io/ for full documentation.

cutadapt: error: [Errno 2] No such file or directory: '/gpfs/home/chh20csu/scratch/ARC_NARC/ARC2/concat_raw/ARC2_concat_1.fq.gz'
ls: cannot access /gpfs/home/chh20csu/scratch/ARC_NARC/ARC3/ARC3*_1.fq.gz: No such file or directory
mkdir: cannot create directory ‘/gpfs/home/chh20csu/scratch/ARC_NARC/ARC3/concat_raw/’: No such file or directory
./2.transcriptomes/2.1.pre_processing/2.1.2.trimming.sh: line 100: /gpfs/home/chh20csu/scratch/ARC_NARC/ARC3/concat_raw/ARC3_concat_1.fq.gz: No such file or directory
./2.transcriptomes/2.1.pre_processing/2.1.2.trimming.sh: line 101: /gpfs/home/chh20csu/scratch/ARC_NARC/ARC3/concat_raw/ARC3_concat_2.fq.gz: No such file or directory
Run "cutadapt --help" to see command-line options.
See https://cutadapt.readthedocs.io/ for full documentation.

cutadapt: error: [Errno 2] No such file or directory: '/gpfs/home/chh20csu/scratch/ARC_NARC/ARC3/concat_raw/ARC3_concat_1.fq.gz'
ls: cannot access /gpfs/home/chh20csu/scratch/ARC_NARC/NARC1/NARC1*_1.fq.gz: No such file or directory
mkdir: cannot create directory ‘/gpfs/home/chh20csu/scratch/ARC_NARC/NARC1/concat_raw/’: No such file or directory
./2.transcriptomes/2.1.pre_processing/2.1.2.trimming.sh: line 100: /gpfs/home/chh20csu/scratch/ARC_NARC/NARC1/concat_raw/NARC1_concat_1.fq.gz: No such file or directory
./2.transcriptomes/2.1.pre_processing/2.1.2.trimming.sh: line 101: /gpfs/home/chh20csu/scratch/ARC_NARC/NARC1/concat_raw/NARC1_concat_2.fq.gz: No such file or directory
Run "cutadapt --help" to see command-line options.
See https://cutadapt.readthedocs.io/ for full documentation.

cutadapt: error: [Errno 2] No such file or directory: '/gpfs/home/chh20csu/scratch/ARC_NARC/NARC1/concat_raw/NARC1_concat_1.fq.gz'
